This is LuaHBTeX, Version 1.18.0 (TeX Live 2024/Arch Linux)  (format=lualatex 2024.12.7)  16 DEC 2024 09:50
 restricted system commands enabled.
**tex.vim
(./tex.vim
LaTeX2e <2023-11-01> patch level 1
L3 programming layer <2024-02-20>
[\directlua]:1: module 'luaotfload-main' not found:
	no field package.preload['luaotfload-main']
	[kpse lua searcher] file not found: 'luaotfload-main'
Error in luaotfload: reverting to OT1
Inserting `tracingstacklevels' in `input_level_string'.

! LaTeX Error: Missing \begin{document}.

See the LaTeX manual or LaTeX Companion for explanation.
Type  H <return>  for immediate help.
 ...                                              
                                                  
l.1 "
    My LaTex settings
? 
! Emergency stop.
 ...                                              
                                                  
l.1 "
    My LaTex settings
You're in trouble here.  Try typing  <return>  to proceed.
If that doesn't work, type  X <return>  to quit.



Here is how much of LuaTeX's memory you used:
 20 strings out of 476447
 100000,1977958 words of node,token memory allocated 299 words of node memory still in use:
   2 hlist, 1 local_par, 1 dir, 1 glue, 39 glue_spec, 1 temp nodes
   avail lists: 2:11,3:3,4:1,5:1,7:1
 22233 multiletter control sequences out of 65536+600000
 14 fonts using 591679 bytes
 15i,0n,18p,61b,15s stack positions out of 10000i,1000n,20000p,200000b,200000s
!  ==> Fatal error occurred, no output PDF file produced!
